2018-04-06 17:33:26  [ main:0 ] - [ INFO ]  this is before class
  2018-04-06 17:33:26  [ main:39 ] - [ INFO ]  this is before
  2018-04-06 17:41:17  [ main:471461 ] - [ INFO ]  this is Down
  2018-04-06 17:41:17  [ main:471471 ] - [ INFO ]  this is after class
  2018-04-06 17:59:57  [ main:0 ] - [ INFO ]  this is before class
  2018-04-06 17:59:57  [ main:24 ] - [ INFO ]  this is before
  2018-04-06 17:59:57  [ main:41 ] - [ INFO ]  Message{content='0'}
  2018-04-06 17:59:57  [ main:42 ] - [ INFO ]  Message{content='2'}
  2018-04-06 17:59:57  [ main:44 ] - [ INFO ]  Message{content='3'}
  2018-04-06 17:59:57  [ main:45 ] - [ INFO ]  Message{content='5'}
  2018-04-06 17:59:57  [ main:46 ] - [ INFO ]  Message{content='1'}
  2018-04-06 17:59:57  [ main:47 ] - [ INFO ]  Message{content='4'}
  2018-04-06 17:59:57  [ main:51 ] - [ INFO ]  Message{content='6'}
  2018-04-06 17:59:57  [ main:53 ] - [ INFO ]  Message{content='7'}
  2018-04-06 17:59:57  [ main:54 ] - [ INFO ]  Message{content='8'}
  2018-04-06 17:59:57  [ main:57 ] - [ INFO ]  Message{content='9'}
  2018-04-06 17:59:57  [ main:60 ] - [ INFO ]  Message{content='End'}
  2018-04-06 17:59:57  [ main:61 ] - [ INFO ]  this is Down
  2018-04-06 17:59:57  [ main:67 ] - [ INFO ]  this is after class
  2018-04-06 18:00:49  [ main:0 ] - [ INFO ]  this is before class
  2018-04-06 18:00:49  [ main:42 ] - [ INFO ]  this is before
  2018-04-06 18:00:49  [ main:75 ] - [ INFO ]  Message{content='1'}
  2018-04-06 18:00:49  [ main:77 ] - [ INFO ]  Message{content='7'}
  2018-04-06 18:00:49  [ main:77 ] - [ INFO ]  Message{content='8'}
  2018-04-06 18:00:49  [ main:78 ] - [ INFO ]  Message{content='9'}
  2018-04-06 18:00:49  [ main:78 ] - [ INFO ]  Message{content='End'}
  2018-04-06 18:00:49  [ main:89 ] - [ INFO ]  Message{content='0'}
  2018-04-06 18:00:49  [ main:94 ] - [ INFO ]  Message{content='2'}
  2018-04-06 18:00:49  [ main:99 ] - [ INFO ]  Message{content='3'}
  2018-04-06 18:00:49  [ main:100 ] - [ INFO ]  Message{content='4'}
  2018-04-06 18:00:49  [ main:106 ] - [ INFO ]  Message{content='5'}
  2018-04-06 18:00:49  [ main:109 ] - [ INFO ]  Message{content='6'}
  2018-04-06 18:00:49  [ main:112 ] - [ INFO ]  this is Down
  2018-04-06 18:00:49  [ main:126 ] - [ INFO ]  this is after class
  2018-04-06 18:16:20  [ main:0 ] - [ INFO ]  this is before class
  2018-04-06 18:16:20  [ main:25 ] - [ INFO ]  this is before
  2018-04-06 18:16:20  [ main:43 ] - [ INFO ]  Message{content='0'}
  2018-04-06 18:16:20  [ main:46 ] - [ INFO ]  Message{content='2'}
  2018-04-06 18:16:20  [ main:47 ] - [ INFO ]  Message{content='5'}
  2018-04-06 18:16:20  [ main:48 ] - [ INFO ]  Message{content='End'}
  2018-04-06 18:16:20  [ main:49 ] - [ INFO ]  Message{content='1'}
  2018-04-06 18:16:20  [ main:50 ] - [ INFO ]  Message{content='3'}
  2018-04-06 18:16:20  [ main:55 ] - [ INFO ]  Message{content='4'}
  2018-04-06 18:16:20  [ main:57 ] - [ INFO ]  Message{content='6'}
  2018-04-06 18:16:20  [ main:58 ] - [ INFO ]  Message{content='7'}
  2018-04-06 18:16:20  [ main:63 ] - [ INFO ]  Message{content='8'}
  2018-04-06 18:16:20  [ main:65 ] - [ INFO ]  Message{content='9'}
  2018-04-06 18:16:20  [ main:65 ] - [ INFO ]  this is Down
  2018-04-06 18:16:20  [ main:72 ] - [ INFO ]  this is after class
  2018-04-06 18:18:31  [ main:0 ] - [ INFO ]  this is before class
  2018-04-06 18:18:31  [ main:32 ] - [ INFO ]  this is before
  2018-04-06 18:18:31  [ main:57 ] - [ INFO ]  Message { content='5' }
  2018-04-06 18:18:31  [ main:58 ] - [ INFO ]  Message { content='6' }
  2018-04-06 18:18:31  [ main:59 ] - [ INFO ]  Message { content='7' }
  2018-04-06 18:18:31  [ main:62 ] - [ INFO ]  Message { content='8' }
  2018-04-06 18:18:31  [ main:63 ] - [ INFO ]  Message { content='0' }
  2018-04-06 18:18:31  [ main:64 ] - [ INFO ]  Message { content='1' }
  2018-04-06 18:18:31  [ main:69 ] - [ INFO ]  Message { content='2' }
  2018-04-06 18:18:31  [ main:71 ] - [ INFO ]  Message { content='3' }
  2018-04-06 18:18:31  [ main:72 ] - [ INFO ]  Message { content='4' }
  2018-04-06 18:18:31  [ main:76 ] - [ INFO ]  Message { content='9' }
  2018-04-06 18:18:31  [ main:77 ] - [ INFO ]  Message { content='End' }
  2018-04-06 18:18:31  [ main:78 ] - [ INFO ]  this is Down
  2018-04-06 18:18:31  [ main:85 ] - [ INFO ]  this is after class
  2018-04-06 18:33:25  [ main:0 ] - [ INFO ]  this is before class
  2018-04-06 18:33:25  [ main:39 ] - [ INFO ]  this is before
  2018-04-06 18:33:25  [ main:58 ] - [ INFO ]  Message { content='1' }
  2018-04-06 18:33:25  [ main:60 ] - [ INFO ]  Message { content='3' }
  2018-04-06 18:33:25  [ main:61 ] - [ INFO ]  Message { content='5' }
  2018-04-06 18:33:25  [ main:63 ] - [ INFO ]  Message { content='7' }
  2018-04-06 18:33:25  [ main:68 ] - [ INFO ]  Message { content='8' }
  2018-04-06 18:33:25  [ main:70 ] - [ INFO ]  Message { content='9' }
  2018-04-06 18:33:25  [ main:74 ] - [ INFO ]  Message { content='End' }
  2018-04-06 18:33:25  [ main:76 ] - [ INFO ]  Message { content='0' }
  2018-04-06 18:33:25  [ main:76 ] - [ INFO ]  Message { content='2' }
  2018-04-06 18:33:25  [ main:81 ] - [ INFO ]  Message { content='4' }
  2018-04-06 18:33:25  [ main:83 ] - [ INFO ]  Message { content='6' }
  2018-04-06 18:33:25  [ main:84 ] - [ INFO ]  this is Down
  2018-04-06 18:33:25  [ main:91 ] - [ INFO ]  this is after class
  