2018-04-21 00:24:38.078  INFO 11168 --- [main] readinglist.ReadingListApplication       : Starting ReadingListApplication on laimaosheng with PID 11168 (E:\StudyProject\springboot\ch03\target\classes started by B-36244 in E:\StudyProject\springboot\ch03)
2018-04-21 00:24:38.078  INFO 11168 --- [main] readinglist.ReadingListApplication       : No active profile set, falling back to default profiles: default
2018-04-21 00:24:38.500  INFO 11168 --- [main] ationConfigEmbeddedWebApplicationContext : Refreshing org.springframework.boot.context.embedded.AnnotationConfigEmbeddedWebApplicationContext@243c4f91: startup date [Sat Apr 21 00:24:38 CST 2018]; root of context hierarchy
2018-04-21 00:24:40.156  INFO 11168 --- [main] s.b.c.e.t.TomcatEmbeddedServletContainer : Tomcat initialized with port(s): 8080 (http)
2018-04-21 00:24:40.156  INFO 11168 --- [main] o.apache.catalina.core.StandardService   : Starting service [Tomcat]
2018-04-21 00:24:40.156  INFO 11168 --- [main] org.apache.catalina.core.StandardEngine  : Starting Servlet Engine: Apache Tomcat/8.5.23
2018-04-21 00:24:40.250  INFO 11168 --- [localhost-startStop-1] o.a.c.c.C.[Tomcat].[localhost].[/]       : Initializing Spring embedded WebApplicationContext
2018-04-21 00:24:40.250  INFO 11168 --- [localhost-startStop-1] o.s.web.context.ContextLoader            : Root WebApplicationContext: initialization completed in 1750 ms
2018-04-21 00:24:40.437  INFO 11168 --- [localhost-startStop-1] o.s.b.w.servlet.FilterRegistrationBean   : Mapping filter: 'characterEncodingFilter' to: [/*]
2018-04-21 00:24:40.437  INFO 11168 --- [localhost-startStop-1] o.s.b.w.servlet.FilterRegistrationBean   : Mapping filter: 'hiddenHttpMethodFilter' to: [/*]
2018-04-21 00:24:40.437  INFO 11168 --- [localhost-startStop-1] o.s.b.w.servlet.FilterRegistrationBean   : Mapping filter: 'httpPutFormContentFilter' to: [/*]
2018-04-21 00:24:40.437  INFO 11168 --- [localhost-startStop-1] o.s.b.w.servlet.FilterRegistrationBean   : Mapping filter: 'requestContextFilter' to: [/*]
2018-04-21 00:24:40.437  INFO 11168 --- [localhost-startStop-1] .s.DelegatingFilterProxyRegistrationBean : Mapping filter: 'springSecurityFilterChain' to: [/*]
2018-04-21 00:24:40.437  INFO 11168 --- [localhost-startStop-1] o.s.b.w.servlet.ServletRegistrationBean  : Mapping servlet: 'dispatcherServlet' to [/]
2018-04-21 00:24:40.437  INFO 11168 --- [localhost-startStop-1] o.s.b.w.servlet.ServletRegistrationBean  : Mapping servlet: 'webServlet' to [/h2-console/*]
2018-04-21 00:24:44.830  INFO 11168 --- [main] o.s.jdbc.datasource.init.ScriptUtils     : Executing SQL script from class path resource [db/schema.sql]
2018-04-21 00:24:44.830  INFO 11168 --- [main] o.s.jdbc.datasource.init.ScriptUtils     : Executed SQL script from class path resource [db/schema.sql] in 0 ms.
2018-04-21 00:24:44.830  INFO 11168 --- [main] o.s.jdbc.datasource.init.ScriptUtils     : Executing SQL script from class path resource [db/data.sql]
2018-04-21 00:24:44.846  INFO 11168 --- [main] o.s.jdbc.datasource.init.ScriptUtils     : Executed SQL script from class path resource [db/data.sql] in 16 ms.
2018-04-21 00:24:44.921  INFO 11168 --- [main] j.LocalContainerEntityManagerFactoryBean : Building JPA container EntityManagerFactory for persistence unit 'default'
2018-04-21 00:24:44.933  INFO 11168 --- [main] o.hibernate.jpa.internal.util.LogHelper  : HHH000204: Processing PersistenceUnitInfo [
	name: default
	...]
2018-04-21 00:24:44.996  INFO 11168 --- [main] org.hibernate.Version                    : HHH000412: Hibernate Core {5.0.12.Final}
2018-04-21 00:24:44.996  INFO 11168 --- [main] org.hibernate.cfg.Environment            : HHH000206: hibernate.properties not found
2018-04-21 00:24:44.996  INFO 11168 --- [main] org.hibernate.cfg.Environment            : HHH000021: Bytecode provider name : javassist
2018-04-21 00:24:45.027  INFO 11168 --- [main] o.hibernate.annotations.common.Version   : HCANN000001: Hibernate Commons Annotations {5.0.1.Final}
2018-04-21 00:24:45.145  INFO 11168 --- [main] org.hibernate.dialect.Dialect            : HHH000400: Using dialect: org.hibernate.dialect.H2Dialect
2018-04-21 00:24:45.598  INFO 11168 --- [main] org.hibernate.tool.hbm2ddl.SchemaExport  : HHH000227: Running hbm2ddl schema export
2018-04-21 00:24:45.614  INFO 11168 --- [main] org.hibernate.tool.hbm2ddl.SchemaExport  : HHH000230: Schema export complete
2018-04-21 00:24:45.645  INFO 11168 --- [main] j.LocalContainerEntityManagerFactoryBean : Initialized JPA EntityManagerFactory for persistence unit 'default'
2018-04-21 00:24:46.136  INFO 11168 --- [main] b.a.s.AuthenticationManagerConfiguration : 

Using default security password: d720cc9e-2d4b-4cb1-94a0-7b1d2b8f7bbf

2018-04-21 00:24:46.204  INFO 11168 --- [main] o.s.s.web.DefaultSecurityFilterChain     : Creating filter chain: org.springframework.security.web.util.matcher.AnyRequestMatcher@1, [org.springframework.security.web.context.request.async.WebAsyncManagerIntegrationFilter@34c62fdf, org.springframework.security.web.context.SecurityContextPersistenceFilter@1c6a0103, org.springframework.security.web.header.HeaderWriterFilter@1e2445f6, org.springframework.security.web.authentication.logout.LogoutFilter@78d92eef, org.springframework.security.web.authentication.UsernamePasswordAuthenticationFilter@19a5b637, org.springframework.security.web.savedrequest.RequestCacheAwareFilter@45c80312, org.springframework.security.web.servletapi.SecurityContextHolderAwareRequestFilter@40c8067, org.springframework.security.web.authentication.AnonymousAuthenticationFilter@3de79067, org.springframework.security.web.session.SessionManagementFilter@284990de, org.springframework.security.web.access.ExceptionTranslationFilter@2d206a71, org.springframework.security.web.access.intercept.FilterSecurityInterceptor@245cb8df]
2018-04-21 00:24:46.216  INFO 11168 --- [main] o.s.s.web.DefaultSecurityFilterChain     : Creating filter chain: Ant [pattern='/h2-console/**'], [org.springframework.security.web.context.request.async.WebAsyncManagerIntegrationFilter@3344d163, org.springframework.security.web.context.SecurityContextPersistenceFilter@7f0766ef, org.springframework.security.web.header.HeaderWriterFilter@251a90ce, org.springframework.security.web.authentication.logout.LogoutFilter@2fde9469, org.springframework.security.web.authentication.www.BasicAuthenticationFilter@1ecf0ac6, org.springframework.security.web.savedrequest.RequestCacheAwareFilter@1e56bc9b, org.springframework.security.web.servletapi.SecurityContextHolderAwareRequestFilter@6f3bd37f, org.springframework.security.web.authentication.AnonymousAuthenticationFilter@6cc48a17, org.springframework.security.web.session.SessionManagementFilter@4c4c7d6c, org.springframework.security.web.access.ExceptionTranslationFilter@1edfedf1, org.springframework.security.web.access.intercept.FilterSecurityInterceptor@27ab206]
2018-04-21 00:24:46.501  INFO 11168 --- [main] s.w.s.m.m.a.RequestMappingHandlerAdapter : Looking for @ControllerAdvice: org.springframework.boot.context.embedded.AnnotationConfigEmbeddedWebApplicationContext@243c4f91: startup date [Sat Apr 21 00:24:38 CST 2018]; root of context hierarchy
2018-04-21 00:24:46.568  INFO 11168 --- [main] s.w.s.m.m.a.RequestMappingHandlerMapping : Mapped "{[/fail],methods=[GET]}" onto public void readinglist.ReadingListController.fail()
2018-04-21 00:24:46.568  INFO 11168 --- [main] s.w.s.m.m.a.RequestMappingHandlerMapping : Mapped "{[/],methods=[GET]}" onto public java.lang.String readinglist.ReadingListController.readersBooks(readinglist.Reader,org.springframework.ui.Model)
2018-04-21 00:24:46.568  INFO 11168 --- [main] s.w.s.m.m.a.RequestMappingHandlerMapping : Mapped "{[/],methods=[POST]}" onto public java.lang.String readinglist.ReadingListController.addToReadingList(readinglist.Reader,readinglist.Book)
2018-04-21 00:24:46.568  INFO 11168 --- [main] s.w.s.m.m.a.RequestMappingHandlerMapping : Mapped "{[/error]}" onto public org.springframework.http.ResponseEntity<java.util.Map<java.lang.String, java.lang.Object>> org.springframework.boot.autoconfigure.web.BasicErrorController.error(javax.servlet.http.HttpServletRequest)
2018-04-21 00:24:46.568  INFO 11168 --- [main] s.w.s.m.m.a.RequestMappingHandlerMapping : Mapped "{[/error],produces=[text/html]}" onto public org.springframework.web.servlet.ModelAndView org.springframework.boot.autoconfigure.web.BasicErrorController.errorHtml(javax.servlet.http.HttpServletRequest,javax.servlet.http.HttpServletResponse)
2018-04-21 00:24:46.583  INFO 11168 --- [main] o.s.w.s.handler.SimpleUrlHandlerMapping  : Mapped URL path [/login] onto handler of type [class org.springframework.web.servlet.mvc.ParameterizableViewController]
2018-04-21 00:24:46.599  INFO 11168 --- [main] o.s.w.s.handler.SimpleUrlHandlerMapping  : Mapped URL path [/webjars/**] onto handler of type [class org.springframework.web.servlet.resource.ResourceHttpRequestHandler]
2018-04-21 00:24:46.599  INFO 11168 --- [main] o.s.w.s.handler.SimpleUrlHandlerMapping  : Mapped URL path [/**] onto handler of type [class org.springframework.web.servlet.resource.ResourceHttpRequestHandler]
2018-04-21 00:24:46.646  INFO 11168 --- [main] o.s.w.s.handler.SimpleUrlHandlerMapping  : Mapped URL path [/**/favicon.ico] onto handler of type [class org.springframework.web.servlet.resource.ResourceHttpRequestHandler]
2018-04-21 00:24:47.068  INFO 11168 --- [main] o.s.j.e.a.AnnotationMBeanExporter        : Registering beans for JMX exposure on startup
2018-04-21 00:24:47.127  INFO 11168 --- [main] s.b.c.e.t.TomcatEmbeddedServletContainer : Tomcat started on port(s): 8080 (http)
2018-04-21 00:24:47.131  INFO 11168 --- [main] readinglist.ReadingListApplication       : Started ReadingListApplication in 9.522 seconds (JVM running for 10.446)
2018-04-21 00:25:12.806  INFO 11168 --- [http-nio-8080-exec-1] o.a.c.c.C.[Tomcat].[localhost].[/]       : Initializing Spring FrameworkServlet 'dispatcherServlet'
2018-04-21 00:25:12.806  INFO 11168 --- [http-nio-8080-exec-1] o.s.web.servlet.DispatcherServlet        : FrameworkServlet 'dispatcherServlet': initialization started
2018-04-21 00:25:12.826  INFO 11168 --- [http-nio-8080-exec-1] o.s.web.servlet.DispatcherServlet        : FrameworkServlet 'dispatcherServlet': initialization completed in 20 ms
2018-04-21 00:25:13.873  INFO 11168 --- [http-nio-8080-exec-4] readinglist.SecurityConfig               : username:maosheng userDetials:readinglist.Reader@77243a25
2018-04-21 00:25:13.925  INFO 11168 --- [http-nio-8080-exec-5] o.h.h.i.QueryTranslatorFactoryInitiator  : HHH000397: Using ASTQueryTranslatorFactory
2018-04-21 00:32:05.047  INFO 8664 --- [main] readinglist.ReadingListApplication       : Starting ReadingListApplication on laimaosheng with PID 8664 (E:\StudyProject\springboot\ch03\target\classes started by B-36244 in E:\StudyProject\springboot\ch03)
2018-04-21 00:32:05.047  INFO 8664 --- [main] readinglist.ReadingListApplication       : No active profile set, falling back to default profiles: default
2018-04-21 00:32:05.422  INFO 8664 --- [main] ationConfigEmbeddedWebApplicationContext : Refreshing org.springframework.boot.context.embedded.AnnotationConfigEmbeddedWebApplicationContext@291ae: startup date [Sat Apr 21 00:32:05 CST 2018]; root of context hierarchy
2018-04-21 00:32:07.255  INFO 8664 --- [main] s.b.c.e.t.TomcatEmbeddedServletContainer : Tomcat initialized with port(s): 8080 (http)
2018-04-21 00:32:07.271  INFO 8664 --- [main] o.apache.catalina.core.StandardService   : Starting service [Tomcat]
2018-04-21 00:32:07.271  INFO 8664 --- [main] org.apache.catalina.core.StandardEngine  : Starting Servlet Engine: Apache Tomcat/8.5.23
2018-04-21 00:32:07.396  INFO 8664 --- [localhost-startStop-1] o.a.c.c.C.[Tomcat].[localhost].[/]       : Initializing Spring embedded WebApplicationContext
2018-04-21 00:32:07.412  INFO 8664 --- [localhost-startStop-1] o.s.web.context.ContextLoader            : Root WebApplicationContext: initialization completed in 1990 ms
2018-04-21 00:32:07.568  INFO 8664 --- [localhost-startStop-1] o.s.b.w.servlet.FilterRegistrationBean   : Mapping filter: 'characterEncodingFilter' to: [/*]
2018-04-21 00:32:07.568  INFO 8664 --- [localhost-startStop-1] o.s.b.w.servlet.FilterRegistrationBean   : Mapping filter: 'hiddenHttpMethodFilter' to: [/*]
2018-04-21 00:32:07.568  INFO 8664 --- [localhost-startStop-1] o.s.b.w.servlet.FilterRegistrationBean   : Mapping filter: 'httpPutFormContentFilter' to: [/*]
2018-04-21 00:32:07.568  INFO 8664 --- [localhost-startStop-1] o.s.b.w.servlet.FilterRegistrationBean   : Mapping filter: 'requestContextFilter' to: [/*]
2018-04-21 00:32:07.584  INFO 8664 --- [localhost-startStop-1] .s.DelegatingFilterProxyRegistrationBean : Mapping filter: 'springSecurityFilterChain' to: [/*]
2018-04-21 00:32:07.584  INFO 8664 --- [localhost-startStop-1] o.s.b.w.servlet.ServletRegistrationBean  : Mapping servlet: 'dispatcherServlet' to [/]
2018-04-21 00:32:07.584  INFO 8664 --- [localhost-startStop-1] o.s.b.w.servlet.ServletRegistrationBean  : Mapping servlet: 'webServlet' to [/h2-console/*]
2018-04-21 00:32:12.010  INFO 8664 --- [main] o.s.jdbc.datasource.init.ScriptUtils     : Executing SQL script from class path resource [db/schema.sql]
2018-04-21 00:32:12.010  INFO 8664 --- [main] o.s.jdbc.datasource.init.ScriptUtils     : Executed SQL script from class path resource [db/schema.sql] in 0 ms.
2018-04-21 00:32:12.010  INFO 8664 --- [main] o.s.jdbc.datasource.init.ScriptUtils     : Executing SQL script from class path resource [db/data.sql]
2018-04-21 00:32:12.010  INFO 8664 --- [main] o.s.jdbc.datasource.init.ScriptUtils     : Executed SQL script from class path resource [db/data.sql] in 0 ms.
2018-04-21 00:32:12.104  INFO 8664 --- [main] j.LocalContainerEntityManagerFactoryBean : Building JPA container EntityManagerFactory for persistence unit 'default'
2018-04-21 00:32:12.119  INFO 8664 --- [main] o.hibernate.jpa.internal.util.LogHelper  : HHH000204: Processing PersistenceUnitInfo [
	name: default
	...]
2018-04-21 00:32:12.166  INFO 8664 --- [main] org.hibernate.Version                    : HHH000412: Hibernate Core {5.0.12.Final}
2018-04-21 00:32:12.166  INFO 8664 --- [main] org.hibernate.cfg.Environment            : HHH000206: hibernate.properties not found
2018-04-21 00:32:12.166  INFO 8664 --- [main] org.hibernate.cfg.Environment            : HHH000021: Bytecode provider name : javassist
2018-04-21 00:32:12.197  INFO 8664 --- [main] o.hibernate.annotations.common.Version   : HCANN000001: Hibernate Commons Annotations {5.0.1.Final}
2018-04-21 00:32:12.275  INFO 8664 --- [main] org.hibernate.dialect.Dialect            : HHH000400: Using dialect: org.hibernate.dialect.H2Dialect
2018-04-21 00:32:12.682  INFO 8664 --- [main] org.hibernate.tool.hbm2ddl.SchemaExport  : HHH000227: Running hbm2ddl schema export
2018-04-21 00:32:12.697  INFO 8664 --- [main] org.hibernate.tool.hbm2ddl.SchemaExport  : HHH000230: Schema export complete
2018-04-21 00:32:12.713  INFO 8664 --- [main] j.LocalContainerEntityManagerFactoryBean : Initialized JPA EntityManagerFactory for persistence unit 'default'
2018-04-21 00:32:13.159  INFO 8664 --- [main] b.a.s.AuthenticationManagerConfiguration : 

Using default security password: 9d0a391b-0c1e-4628-ab9e-2913bf9cd7cb

2018-04-21 00:32:13.237  INFO 8664 --- [main] o.s.s.web.DefaultSecurityFilterChain     : Creating filter chain: org.springframework.security.web.util.matcher.AnyRequestMatcher@1, [org.springframework.security.web.context.request.async.WebAsyncManagerIntegrationFilter@6cdee57, org.springframework.security.web.context.SecurityContextPersistenceFilter@40c8067, org.springframework.security.web.header.HeaderWriterFilter@477523ba, org.springframework.security.web.authentication.logout.LogoutFilter@7364f68, org.springframework.security.web.authentication.UsernamePasswordAuthenticationFilter@99a8de3, org.springframework.security.web.savedrequest.RequestCacheAwareFilter@561f9d92, org.springframework.security.web.servletapi.SecurityContextHolderAwareRequestFilter@78d92eef, org.springframework.security.web.authentication.AnonymousAuthenticationFilter@482f7af0, org.springframework.security.web.session.SessionManagementFilter@78c74647, org.springframework.security.web.access.ExceptionTranslationFilter@45c80312, org.springframework.security.web.access.intercept.FilterSecurityInterceptor@19a5b637]
2018-04-21 00:32:13.253  INFO 8664 --- [main] o.s.s.web.DefaultSecurityFilterChain     : Creating filter chain: Ant [pattern='/h2-console/**'], [org.springframework.security.web.context.request.async.WebAsyncManagerIntegrationFilter@30508066, org.springframework.security.web.context.SecurityContextPersistenceFilter@27ab206, org.springframework.security.web.header.HeaderWriterFilter@20cff21e, org.springframework.security.web.authentication.logout.LogoutFilter@6af87130, org.springframework.security.web.authentication.www.BasicAuthenticationFilter@22a4ca4a, org.springframework.security.web.savedrequest.RequestCacheAwareFilter@3344d163, org.springframework.security.web.servletapi.SecurityContextHolderAwareRequestFilter@6cc48a17, org.springframework.security.web.authentication.AnonymousAuthenticationFilter@9408857, org.springframework.security.web.session.SessionManagementFilter@463045fb, org.springframework.security.web.access.ExceptionTranslationFilter@7be94cd6, org.springframework.security.web.access.intercept.FilterSecurityInterceptor@646d810b]
2018-04-21 00:32:13.425  INFO 8664 --- [main] s.w.s.m.m.a.RequestMappingHandlerAdapter : Looking for @ControllerAdvice: org.springframework.boot.context.embedded.AnnotationConfigEmbeddedWebApplicationContext@291ae: startup date [Sat Apr 21 00:32:05 CST 2018]; root of context hierarchy
2018-04-21 00:32:13.487  INFO 8664 --- [main] s.w.s.m.m.a.RequestMappingHandlerMapping : Mapped "{[/fail],methods=[GET]}" onto public void readinglist.ReadingListController.fail()
2018-04-21 00:32:13.487  INFO 8664 --- [main] s.w.s.m.m.a.RequestMappingHandlerMapping : Mapped "{[/],methods=[POST]}" onto public java.lang.String readinglist.ReadingListController.addToReadingList(readinglist.Reader,readinglist.Book)
2018-04-21 00:32:13.487  INFO 8664 --- [main] s.w.s.m.m.a.RequestMappingHandlerMapping : Mapped "{[/],methods=[GET]}" onto public java.lang.String readinglist.ReadingListController.readersBooks(readinglist.Reader,org.springframework.ui.Model)
2018-04-21 00:32:13.487  INFO 8664 --- [main] s.w.s.m.m.a.RequestMappingHandlerMapping : Mapped "{[/error]}" onto public org.springframework.http.ResponseEntity<java.util.Map<java.lang.String, java.lang.Object>> org.springframework.boot.autoconfigure.web.BasicErrorController.error(javax.servlet.http.HttpServletRequest)
2018-04-21 00:32:13.487  INFO 8664 --- [main] s.w.s.m.m.a.RequestMappingHandlerMapping : Mapped "{[/error],produces=[text/html]}" onto public org.springframework.web.servlet.ModelAndView org.springframework.boot.autoconfigure.web.BasicErrorController.errorHtml(javax.servlet.http.HttpServletRequest,javax.servlet.http.HttpServletResponse)
2018-04-21 00:32:13.503  INFO 8664 --- [main] o.s.w.s.handler.SimpleUrlHandlerMapping  : Mapped URL path [/login] onto handler of type [class org.springframework.web.servlet.mvc.ParameterizableViewController]
2018-04-21 00:32:13.503  INFO 8664 --- [main] o.s.w.s.handler.SimpleUrlHandlerMapping  : Mapped URL path [/webjars/**] onto handler of type [class org.springframework.web.servlet.resource.ResourceHttpRequestHandler]
2018-04-21 00:32:13.503  INFO 8664 --- [main] o.s.w.s.handler.SimpleUrlHandlerMapping  : Mapped URL path [/**] onto handler of type [class org.springframework.web.servlet.resource.ResourceHttpRequestHandler]
2018-04-21 00:32:13.534  INFO 8664 --- [main] o.s.w.s.handler.SimpleUrlHandlerMapping  : Mapped URL path [/**/favicon.ico] onto handler of type [class org.springframework.web.servlet.resource.ResourceHttpRequestHandler]
2018-04-21 00:32:13.953  INFO 8664 --- [main] o.s.j.e.a.AnnotationMBeanExporter        : Registering beans for JMX exposure on startup
2018-04-21 00:32:14.016  INFO 8664 --- [main] s.b.c.e.t.TomcatEmbeddedServletContainer : Tomcat started on port(s): 8080 (http)
2018-04-21 00:32:14.016  INFO 8664 --- [main] readinglist.ReadingListApplication       : Started ReadingListApplication in 9.453 seconds (JVM running for 10.327)
2018-04-21 00:32:27.225  INFO 8664 --- [http-nio-8080-exec-1] o.a.c.c.C.[Tomcat].[localhost].[/]       : Initializing Spring FrameworkServlet 'dispatcherServlet'
2018-04-21 00:32:27.225  INFO 8664 --- [http-nio-8080-exec-1] o.s.web.servlet.DispatcherServlet        : FrameworkServlet 'dispatcherServlet': initialization started
2018-04-21 00:32:27.253  INFO 8664 --- [http-nio-8080-exec-1] o.s.web.servlet.DispatcherServlet        : FrameworkServlet 'dispatcherServlet': initialization completed in 28 ms
2018-04-21 00:32:28.633  INFO 8664 --- [http-nio-8080-exec-4] readinglist.SecurityConfig               : username:maosheng userDetials:readinglist.Reader@26426714
2018-04-21 00:32:28.685  INFO 8664 --- [http-nio-8080-exec-5] o.h.h.i.QueryTranslatorFactoryInitiator  : HHH000397: Using ASTQueryTranslatorFactory
